-------------------------------------------------------------------------------
Test set: runners.TestRunner
-------------------------------------------------------------------------------
Tests run: 12, Failures: 4, Errors: 0, Skipped: 0, Time elapsed: 34.96 s <<< FAILURE! -- in runners.TestRunner
runners.TestRunner.runScenario["verifyCarticon", "cart page"](1) -- Time elapsed: 4.103 s <<< FAILURE!
java.lang.NullPointerException: Cannot invoke "org.openqa.selenium.SearchContext.findElement(org.openqa.selenium.By)" because "this.searchContext" is null
	at org.openqa.selenium.support.pagefactory.DefaultElementLocator.findElement(DefaultElementLocator.java:68)
	at org.openqa.selenium.support.pagefactory.internal.LocatingElementHandler.invoke(LocatingElementHandler.java:38)
	at jdk.proxy2/jdk.proxy2.$Proxy21.click(Unknown Source)
	at com.pages.ProductDetailsPage.addSecondProduct(ProductDetailsPage.java:61)
	at com.stepdefs.CartpageStepdef.user_is_initially_on_product_page(CartpageStepdef.java:23)
	at ✽.user is initially on product page(file:///Users/lt535j/eclipse-workspace/FrameworkwithBDD1/src/test/resources/Features/cart.feature:4)

runners.TestRunner.runScenario["gotoCartpage", "cart page"](2) -- Time elapsed: 2.739 s <<< FAILURE!
java.lang.NullPointerException: Cannot invoke "com.pages.CartPage.gotoCartpage()" because "this.cartpage" is null
	at com.stepdefs.CartpageStepdef.user_clicks_on_cart_icon(CartpageStepdef.java:41)
	at ✽.user clicks on cart icon(file:///Users/lt535j/eclipse-workspace/FrameworkwithBDD1/src/test/resources/Features/cart.feature:10)

runners.TestRunner.runScenario["placeOrder", "cart page"](3) -- Time elapsed: 2.751 s <<< FAILURE!
java.lang.NullPointerException: Cannot invoke "com.pages.CartPage.placeOrder(String, String, String)" because "this.cartpage" is null
	at com.stepdefs.CartpageStepdef.user_is_on_cart_page(CartpageStepdef.java:51)
	at ✽.user is on cart page(file:///Users/lt535j/eclipse-workspace/FrameworkwithBDD1/src/test/resources/Features/cart.feature:14)

runners.TestRunner.runScenario["Remove or Add Product", "product page"](10) -- Time elapsed: 2.720 s <<< FAILURE!
org.openqa.selenium.NoSuchElementException: 
no such element: Unable to locate element: {"method":"xpath","selector":"//button[text()='Remove']"}
  (Session info: chrome=137.0.7151.120)
For documentation on this error, please visit: https://www.selenium.dev/documentation/webdriver/troubleshooting/errors#no-such-element-exception
Build info: version: '4.32.0', revision: 'd17c8aa950'
System info: os.name: 'Mac OS X', os.arch: 'aarch64', os.version: '15.5', java.version: '24.0.1'
Driver info: org.openqa.selenium.chrome.ChromeDriver
Command: [6535aff9c6a766f607f276a9bd7fa8ed, findElement {value=//button[text()='Remove'], using=xpath}]
Capabilities {acceptInsecureCerts: false, browserName: chrome, browserVersion: 137.0.7151.120, chrome: {chromedriverVersion: 137.0.7151.119 (e0ac9d12dff..., userDataDir: /var/folders/w2/s02xvqn17mn...}, fedcm:accounts: true, goog:chromeOptions: {debuggerAddress: localhost:63358}, networkConnectionEnabled: false, pageLoadStrategy: normal, platformName: mac, proxy: Proxy(), se:cdp: ws://localhost:63358/devtoo..., se:cdpVersion: 137.0.7151.120, setWindowRect: true, strictFileInteractability: false, timeouts: {implicit: 0, pageLoad: 300000, script: 30000}, unhandledPromptBehavior: dismiss and notify, webauthn:extension:credBlob: true, webauthn:extension:largeBlob: true, webauthn:extension:minPinLength: true, webauthn:extension:prf: true, webauthn:virtualAuthenticators: true}
Session ID: 6535aff9c6a766f607f276a9bd7fa8ed
	at java.base/jdk.internal.reflect.DirectConstructorHandleAccessor.newInstance(DirectConstructorHandleAccessor.java:62)
	at java.base/java.lang.reflect.Constructor.newInstanceWithCaller(Constructor.java:499)
	at java.base/java.lang.reflect.Constructor.newInstance(Constructor.java:483)
	at org.openqa.selenium.remote.ErrorCodec.decode(ErrorCodec.java:167)
	at org.openqa.selenium.remote.codec.w3c.W3CHttpResponseCodec.decode(W3CHttpResponseCodec.java:138)
	at org.openqa.selenium.remote.codec.w3c.W3CHttpResponseCodec.decode(W3CHttpResponseCodec.java:50)
	at org.openqa.selenium.remote.HttpCommandExecutor.execute(HttpCommandExecutor.java:215)
	at org.openqa.selenium.remote.service.DriverCommandExecutor.invokeExecute(DriverCommandExecutor.java:216)
	at org.openqa.selenium.remote.service.DriverCommandExecutor.execute(DriverCommandExecutor.java:174)
	at org.openqa.selenium.remote.RemoteWebDriver.execute(RemoteWebDriver.java:545)
	at org.openqa.selenium.remote.ElementLocation$ElementFinder$2.findElement(ElementLocation.java:165)
	at org.openqa.selenium.remote.ElementLocation.findElement(ElementLocation.java:59)
	at org.openqa.selenium.remote.RemoteWebDriver.findElement(RemoteWebDriver.java:368)
	at org.openqa.selenium.remote.RemoteWebDriver.findElement(RemoteWebDriver.java:362)
	at org.openqa.selenium.support.pagefactory.DefaultElementLocator.findElement(DefaultElementLocator.java:68)
	at org.openqa.selenium.support.pagefactory.internal.LocatingElementHandler.invoke(LocatingElementHandler.java:38)
	at jdk.proxy2/jdk.proxy2.$Proxy21.isEnabled(Unknown Source)
	at com.pages.ProductDetailsPage.RemoveOrAddProduct(ProductDetailsPage.java:52)
	at com.stepdefs.ProductpageStepdef.user_clicks_on_remove_cta(ProductpageStepdef.java:43)
	at ✽.user clicks on remove CTA(file:///Users/lt535j/eclipse-workspace/FrameworkwithBDD1/src/test/resources/Features/productPage.feature:8)

